<?xml version="1.0" encoding="UTF-8"?>
<!-- Generated by org.testng.reporters.JUnitReportReporter -->
<testsuite skipped="0" hostname="LAPTOP-IIS64SBI" name="testcase.DeleteLead" tests="1" failures="0" timestamp="2021-04-03T06:38:08 IST" time="13.102" errors="0">
  <testcase name="DeleteLead_TC" time="13.102" classname="testcase.DeleteLead"/>
  <system-out/>
</testsuite> <!-- testcase.DeleteLead -->
