<?xml version="1.0" encoding="UTF-8"?>
<!-- Generated by org.testng.reporters.JUnitReportReporter -->
<testsuite skipped="0" hostname="LAPTOP-IIS64SBI" name="testcase.EditLead" tests="3" failures="0" timestamp="2021-04-03T06:19:52 IST" time="38.961" errors="0">
  <testcase name="EditLeadTC" time="12.120" classname="testcase.EditLead"/>
  <system-out/>
  <testcase name="EditLeadTC" time="12.440" classname="testcase.EditLead"/>
  <system-out/>
  <testcase name="EditLeadTC" time="14.401" classname="testcase.EditLead"/>
  <system-out/>
</testsuite> <!-- testcase.EditLead -->
