<?xml version="1.0" encoding="UTF-8"?>
<!-- Generated by org.testng.reporters.JUnitReportReporter -->
<testsuite skipped="0" hostname="LAPTOP-IIS64SBI" name="testcase.DuplicateLead" tests="1" failures="0" timestamp="2021-04-03T06:31:14 IST" time="24.015" errors="0">
  <testcase name="DuplicateLead_TC" time="24.015" classname="testcase.DuplicateLead"/>
  <system-out/>
</testsuite> <!-- testcase.DuplicateLead -->
